Got a GET request at url localhost:/get-data logged at : Thu May 16 2024 12:02:47 GMT+0530 (India Standard Time)
Got a GET request at url localhost:/favicon.ico logged at : Thu May 16 2024 12:02:47 GMT+0530 (India Standard Time)
Got a GET request at url localhost:/get-data logged at : Thu May 16 2024 12:03:16 GMT+0530 (India Standard Time)
Got a GET request at url localhost:/get-data logged at : Thu May 16 2024 14:16:58 GMT+0530 (India Standard Time)
Got a GET request at url localhost:/get-data?apiKey=rishabh4ayana logged at : Thu May 16 2024 14:17:18 GMT+0530 (India Standard Time)
Got a GET request at url localhost:/get-data logged at : Thu May 16 2024 14:18:30 GMT+0530 (India Standard Time)
Got a POST request at url localhost:/register/data logged at : Thu May 16 2024 16:44:41 GMT+0530 (India Standard Time)
Got a POST request at url localhost:/register/data logged at : Thu May 16 2024 16:46:19 GMT+0530 (India Standard Time)
Got a POST request at url localhost:/register/data logged at : Sun May 19 2024 19:41:42 GMT+0530 (India Standard Time)
Got a POST request at url localhost:/register/data logged at : Sun May 19 2024 19:42:56 GMT+0530 (India Standard Time)
Got a POST request at url localhost:/register/data logged at : Sun May 19 2024 19:45:57 GMT+0530 (India Standard Time)
Got a POST request at url localhost:/register/data logged at : Sun May 19 2024 19:48:28 GMT+0530 (India Standard Time)
Got a POST request at url localhost:/register/data logged at : Sun May 19 2024 19:53:36 GMT+0530 (India Standard Time)
Got a POST request at url localhost:/register/data logged at : Sun May 19 2024 19:58:26 GMT+0530 (India Standard Time)
Got a POST request at url localhost:/register/data logged at : Sun May 19 2024 19:59:02 GMT+0530 (India Standard Time)
Got a POST request at url localhost:/register/data logged at : Sun May 19 2024 19:59:21 GMT+0530 (India Standard Time)
Got a POST request at url localhost:/register/data logged at : Sun May 19 2024 20:03:00 GMT+0530 (India Standard Time)
Got a POST request at url localhost:/register/data logged at : Sun May 19 2024 20:04:39 GMT+0530 (India Standard Time)
Got a POST request at url localhost:/register/data logged at : Sun May 19 2024 20:05:29 GMT+0530 (India Standard Time)
Got a POST request at url localhost:/register/data logged at : Sun May 19 2024 20:05:35 GMT+0530 (India Standard Time)
Got a POST request at url localhost:/register/data logged at : Sun May 19 2024 20:07:53 GMT+0530 (India Standard Time)
Got a POST request at url localhost:/register/data logged at : Sun May 19 2024 20:08:04 GMT+0530 (India Standard Time)
Got a POST request at url localhost:/register/data logged at : Sun May 19 2024 20:08:20 GMT+0530 (India Standard Time)
